Build started 09.03.2012 2:59:24.
     1>Project "C:\Users\Yura\Client Server\Client\Client.vcxproj" on node 2 (rebuild target(s)).
     1>_PrepareForClean:
         Deleting file "Debug\Client.lastbuildstate".
       InitializeBuildStatus:
         Creating "Debug\Client.unsuccessfulbuild" because "AlwaysCreate" was specified.
       ClCompile:
         D:\IDE\Microsoft Visual Studio 10.0\VC\bin\CL.exe /c /ZI /nologo /W3 /WX- /Od /Oy- /D WIN32 /D _DEBUG /D _CONSOLE /D _UNICODE /D UNICODE /Gm /EHsc /RTC1 /MDd /GS /fp:precise /Zc:wchar_t /Zc:forScope /Fo"Debug\\" /Fd"Debug\vc100.pdb" /Gd /TP /analyze- /errorReport:prompt main.cpp
         main.cpp
       ManifestResourceCompile:
         C:\Program Files\Microsoft SDKs\Windows\v7.0A\bin\rc.exe /nologo /fo"Debug\Client.exe.embed.manifest.res" Debug\Client_manifest.rc 
       Link:
         D:\IDE\Microsoft Visual Studio 10.0\VC\bin\link.exe /ERRORREPORT:PROMPT /OUT:"C:\Users\Yura\Client Server\Debug\Client.exe" /INCREMENTAL /NOLOGO kernel32.lib user32.lib gdi32.lib winspool.lib comdlg32.lib advapi32.lib shell32.lib ole32.lib oleaut32.lib uuid.lib odbc32.lib odbccp32.lib /MANIFEST /ManifestFile:"Debug\Client.exe.intermediate.manifest" /MANIFESTUAC:"level='asInvoker' uiAccess='false'" /DEBUG /PDB:"C:\Users\Yura\Client Server\Debug\Client.pdb" /SUBSYSTEM:CONSOLE /TLBID:1 /DYNAMICBASE /NXCOMPAT /IMPLIB:"C:\Users\Yura\Client Server\Debug\Client.lib" /MACHINE:X86 Debug\Client.exe.embed.manifest.res
         Debug\main.obj
         WS2_32.Lib
       Manifest:
         Deleting file "Debug\Client.exe.embed.manifest".
         C:\Program Files\Microsoft SDKs\Windows\v7.0A\bin\mt.exe /nologo /verbose /out:"Debug\Client.exe.embed.manifest" /manifest Debug\Client.exe.intermediate.manifest
         C:\Program Files\Microsoft SDKs\Windows\v7.0A\bin\rc.exe /nologo /fo"Debug\Client.exe.embed.manifest.res" Debug\Client_manifest.rc 
       LinkEmbedManifest:
         D:\IDE\Microsoft Visual Studio 10.0\VC\bin\link.exe /ERRORREPORT:PROMPT /OUT:"C:\Users\Yura\Client Server\Debug\Client.exe" /INCREMENTAL /NOLOGO kernel32.lib user32.lib gdi32.lib winspool.lib comdlg32.lib advapi32.lib shell32.lib ole32.lib oleaut32.lib uuid.lib odbc32.lib odbccp32.lib /MANIFEST /ManifestFile:"Debug\Client.exe.intermediate.manifest" /MANIFESTUAC:"level='asInvoker' uiAccess='false'" /DEBUG /PDB:"C:\Users\Yura\Client Server\Debug\Client.pdb" /SUBSYSTEM:CONSOLE /TLBID:1 /DYNAMICBASE /NXCOMPAT /IMPLIB:"C:\Users\Yura\Client Server\Debug\Client.lib" /MACHINE:X86 Debug\Client.exe.embed.manifest.res
         Debug\main.obj
         WS2_32.Lib
         Client.vcxproj -> C:\Users\Yura\Client Server\Debug\Client.exe
       FinalizeBuildStatus:
         Deleting file "Debug\Client.unsuccessfulbuild".
         Touching "Debug\Client.lastbuildstate".
     1>Done Building Project "C:\Users\Yura\Client Server\Client\Client.vcxproj" (rebuild target(s)).

Build succeeded.

Time Elapsed 00:00:03.06
