C:\Users\Yura\Client Server\Client\Debug\cl.command.1.tlog
C:\Users\Yura\Client Server\Client\Debug\CL.read.1.tlog
C:\Users\Yura\Client Server\Client\Debug\CL.write.1.tlog
C:\USERS\YURA\CLIENT SERVER\CLIENT\DEBUG\CLIENT.EXE.EMBED.MANIFEST
C:\USERS\YURA\CLIENT SERVER\CLIENT\DEBUG\CLIENT.EXE.EMBED.MANIFEST.RES
C:\USERS\YURA\CLIENT SERVER\CLIENT\DEBUG\CLIENT.EXE.INTERMEDIATE.MANIFEST
C:\Users\Yura\Client Server\Client\Debug\Client_manifest.rc
C:\Users\Yura\Client Server\Client\Debug\link.1004.read.1.tlog
C:\Users\Yura\Client Server\Client\Debug\link.1004.write.1.tlog
C:\Users\Yura\Client Server\Client\Debug\link.1004-cvtres.read.1.tlog
C:\Users\Yura\Client Server\Client\Debug\link.1004-cvtres.write.1.tlog
C:\Users\Yura\Client Server\Client\Debug\link.command.1.tlog
C:\Users\Yura\Client Server\Client\Debug\link.read.1.tlog
C:\Users\Yura\Client Server\Client\Debug\link.write.1.tlog
C:\Users\Yura\Client Server\Client\Debug\link-cvtres.read.1.tlog
C:\Users\Yura\Client Server\Client\Debug\link-cvtres.write.1.tlog
C:\USERS\YURA\CLIENT SERVER\CLIENT\DEBUG\MAIN.OBJ
C:\Users\Yura\Client Server\Client\Debug\mt.command.1.tlog
C:\Users\Yura\Client Server\Client\Debug\mt.read.1.tlog
C:\Users\Yura\Client Server\Client\Debug\mt.write.1.tlog
C:\Users\Yura\Client Server\Client\Debug\rc.command.1.tlog
C:\Users\Yura\Client Server\Client\Debug\rc.read.1.tlog
C:\Users\Yura\Client Server\Client\Debug\rc.write.1.tlog
C:\Users\Yura\Client Server\Client\Debug\vc100.idb
C:\USERS\YURA\CLIENT SERVER\CLIENT\DEBUG\VC100.PDB
C:\USERS\YURA\CLIENT SERVER\DEBUG\CLIENT.EXE
C:\USERS\YURA\CLIENT SERVER\DEBUG\CLIENT.ILK
C:\USERS\YURA\CLIENT SERVER\DEBUG\CLIENT.PDB
