C:\USERS\YURA\CLIENT SERVER\DEBUG\SERVER.EXE
C:\USERS\YURA\CLIENT SERVER\DEBUG\SERVER.ILK
C:\USERS\YURA\CLIENT SERVER\DEBUG\SERVER.PDB
C:\Users\Yura\Client Server\Server\Debug\cl.command.1.tlog
C:\Users\Yura\Client Server\Server\Debug\CL.read.1.tlog
C:\Users\Yura\Client Server\Server\Debug\CL.write.1.tlog
C:\Users\Yura\Client Server\Server\Debug\link.5060.read.1.tlog
C:\Users\Yura\Client Server\Server\Debug\link.5060.write.1.tlog
C:\Users\Yura\Client Server\Server\Debug\link.5060-cvtres.read.1.tlog
C:\Users\Yura\Client Server\Server\Debug\link.5060-cvtres.write.1.tlog
C:\Users\Yura\Client Server\Server\Debug\link.command.1.tlog
C:\Users\Yura\Client Server\Server\Debug\link.read.1.tlog
C:\Users\Yura\Client Server\Server\Debug\link.write.1.tlog
C:\Users\Yura\Client Server\Server\Debug\link-cvtres.read.1.tlog
C:\Users\Yura\Client Server\Server\Debug\link-cvtres.write.1.tlog
C:\USERS\YURA\CLIENT SERVER\SERVER\DEBUG\MAIN.OBJ
C:\Users\Yura\Client Server\Server\Debug\mt.command.1.tlog
C:\Users\Yura\Client Server\Server\Debug\mt.read.1.tlog
C:\Users\Yura\Client Server\Server\Debug\mt.write.1.tlog
C:\Users\Yura\Client Server\Server\Debug\rc.command.1.tlog
C:\Users\Yura\Client Server\Server\Debug\rc.read.1.tlog
C:\Users\Yura\Client Server\Server\Debug\rc.write.1.tlog
C:\USERS\YURA\CLIENT SERVER\SERVER\DEBUG\SERVER.EXE.EMBED.MANIFEST
C:\USERS\YURA\CLIENT SERVER\SERVER\DEBUG\SERVER.EXE.EMBED.MANIFEST.RES
C:\USERS\YURA\CLIENT SERVER\SERVER\DEBUG\SERVER.EXE.INTERMEDIATE.MANIFEST
C:\Users\Yura\Client Server\Server\Debug\Server_manifest.rc
C:\USERS\YURA\CLIENT SERVER\SERVER\DEBUG\SERVERFUNCTIONS.OBJ
C:\Users\Yura\Client Server\Server\Debug\vc100.idb
C:\USERS\YURA\CLIENT SERVER\SERVER\DEBUG\VC100.PDB
